TN:
SF:C:\work\Github\vue-paper-dashboard\src\components\Dashboard\Views\Overview.vue
FNF:0
FNH:0
DA:54,1
LF:1
LH:1
BRF:0
BRH:0
end_of_record
TN:
SF:C:\work\Github\vue-paper-dashboard\src\components\UIComponents\Cards\StatsCard.vue
FNF:0
FNH:0
LF:0
LH:0
BRF:0
BRH:0
end_of_record
TN:
SF:C:\work\Github\vue-paper-dashboard\src\components\UIComponents\Cards\ChartCard.vue
FN:44,(anonymous_0)
FN:50,(anonymous_1)
FNF:2
FNH:0
FNDA:0,(anonymous_0)
FNDA:0,(anonymous_1)
DA:45,0
DA:51,0
DA:60,1
DA:79,1
DA:80,1
DA:81,1
DA:87,1
DA:88,1
DA:89,1
DA:92,1
DA:96,1
DA:97,1
LF:12
LH:10
BRF:0
BRH:0
end_of_record
TN:
SF:C:\work\Github\vue-paper-dashboard\src\components\UIComponents\Inputs\formGroupInput.vue
FN:16,(anonymous_0)
FNF:1
FNH:0
FNDA:0,(anonymous_0)
DA:17,0
LF:1
LH:0
BRF:0
BRH:0
end_of_record
TN:
SF:C:\work\Github\vue-paper-dashboard\src\components\UIComponents\PaperTable.vue
FNF:0
FNH:0
DA:45,2
DA:50,20
DA:53,20
LF:3
LH:3
BRF:0
BRH:0
end_of_record
TN:
SF:C:\work\Github\vue-paper-dashboard\src\App.vue
FNF:0
FNH:0
LF:0
LH:0
BRF:0
BRH:0
end_of_record
TN:
SF:C:\work\Github\vue-paper-dashboard\src\components\Dashboard\Layout\Content.vue
FNF:0
FNH:0
LF:0
LH:0
BRF:0
BRH:0
end_of_record
TN:
SF:C:\work\Github\vue-paper-dashboard\src\components\Dashboard\Layout\ContentFooter.vue
FNF:0
FNH:0
LF:0
LH:0
BRF:0
BRH:0
end_of_record
TN:
SF:C:\work\Github\vue-paper-dashboard\src\components\Dashboard\Layout\DashboardLayout.vue
FNF:0
FNH:0
DA:31,0
LF:1
LH:0
BRF:0
BRH:0
end_of_record
TN:
SF:C:\work\Github\vue-paper-dashboard\src\components\Dashboard\Layout\SideBar.vue
FNF:0
FNH:0
DA:47,0
DA:48,0
DA:50,0
DA:54,0
DA:55,0
DA:57,0
DA:62,0
LF:7
LH:0
BRDA:47,0,0,0
BRDA:47,0,1,0
BRDA:54,1,0,0
BRDA:54,1,1,0
BRF:4
BRH:0
end_of_record
TN:
SF:C:\work\Github\vue-paper-dashboard\src\components\Dashboard\Layout\TopNavbar.vue
FNF:0
FNH:0
DA:66,0
DA:67,0
DA:71,0
DA:78,0
DA:81,0
DA:84,0
DA:87,0
DA:90,0
DA:93,0
LF:9
LH:0
BRF:0
BRH:0
end_of_record
TN:
SF:C:\work\Github\vue-paper-dashboard\src\components\Dashboard\Views\Icons.vue
FNF:0
FNH:0
LF:0
LH:0
BRF:0
BRH:0
end_of_record
TN:
SF:C:\work\Github\vue-paper-dashboard\src\components\Dashboard\Views\Maps.vue
FNF:0
FNH:0
DA:16,0
DA:17,0
DA:61,0
DA:63,0
DA:69,0
LF:5
LH:0
BRF:0
BRH:0
end_of_record
TN:
SF:C:\work\Github\vue-paper-dashboard\src\components\Dashboard\Views\Notifications.vue
FNF:0
FNH:0
DA:91,0
DA:97,0
DA:99,0
LF:3
LH:0
BRF:0
BRH:0
end_of_record
TN:
SF:C:\work\Github\vue-paper-dashboard\src\components\Dashboard\Views\TableList.vue
FNF:0
FNH:0
DA:34,1
DA:35,1
DA:76,0
LF:3
LH:2
BRF:0
BRH:0
end_of_record
TN:
SF:C:\work\Github\vue-paper-dashboard\src\components\Dashboard\Views\Typography.vue
FNF:0
FNH:0
LF:0
LH:0
BRF:0
BRH:0
end_of_record
TN:
SF:C:\work\Github\vue-paper-dashboard\src\components\Dashboard\Views\UserProfile.vue
FNF:0
FNH:0
LF:0
LH:0
BRF:0
BRH:0
end_of_record
TN:
SF:C:\work\Github\vue-paper-dashboard\src\components\Dashboard\Views\UserProfile\EditProfileForm.vue
FNF:0
FNH:0
DA:89,0
DA:104,0
LF:2
LH:0
BRF:0
BRH:0
end_of_record
TN:
SF:C:\work\Github\vue-paper-dashboard\src\components\Dashboard\Views\UserProfile\UserCard.vue
FNF:0
FNH:0
DA:36,0
DA:55,0
DA:56,0
DA:57,0
DA:59,0
DA:60,0
DA:62,0
LF:7
LH:0
BRDA:56,0,0,0
BRDA:56,0,1,0
BRDA:59,1,0,0
BRDA:59,1,1,0
BRF:4
BRH:0
end_of_record
TN:
SF:C:\work\Github\vue-paper-dashboard\src\components\Dashboard\Views\UserProfile\MembersCard.vue
FNF:0
FNH:0
DA:34,0
DA:57,0
DA:59,0
DA:61,0
DA:63,0
DA:65,0
LF:6
LH:0
BRDA:57,0,0,0
BRDA:57,0,1,0
BRDA:57,0,2,0
BRDA:57,0,3,0
BRF:4
BRH:0
end_of_record
TN:
SF:C:\work\Github\vue-paper-dashboard\src\components\GeneralViews\NotFoundPage.vue
FNF:0
FNH:0
LF:0
LH:0
BRF:0
BRH:0
end_of_record
TN:
SF:C:\work\Github\vue-paper-dashboard\src\components\UIComponents\DropDownMenu.vue
FNF:0
FNH:0
DA:30,0
DA:36,0
DA:39,0
LF:3
LH:0
BRF:0
BRH:0
end_of_record
TN:
SF:C:\work\Github\vue-paper-dashboard\src\config\apiRoutes.js
FNF:0
FNH:0
DA:4,1
DA:5,1
LF:2
LH:2
BRF:0
BRH:0
end_of_record
TN:
SF:C:\work\Github\vue-paper-dashboard\src\gloablComponents.js
FNF:0
FNH:0
DA:3,1
DA:5,0
LF:2
LH:1
BRF:0
BRH:0
end_of_record
TN:
SF:C:\work\Github\vue-paper-dashboard\src\routes\routes.js
FNF:0
FNH:0
DA:14,1
LF:1
LH:1
BRF:0
BRH:0
end_of_record
TN:
SF:C:\work\Github\vue-paper-dashboard\src\vuex\actions.js
FN:14,fetchData
FN:18,postData
FN:22,putData
FN:25,deleteData
FN:29,makeRequest
FN:35,(anonymous_5)
FN:37,(anonymous_6)
FN:41,(anonymous_7)
FN:43,(anonymous_8)
FN:52,handleSuccess
FN:65,handleError
FN:78,(anonymous_11)
FN:88,callSuccessCallback
FNF:13
FNH:0
FNDA:0,fetchData
FNDA:0,postData
FNDA:0,putData
FNDA:0,deleteData
FNDA:0,makeRequest
FNDA:0,(anonymous_5)
FNDA:0,(anonymous_6)
FNDA:0,(anonymous_7)
FNDA:0,(anonymous_8)
FNDA:0,handleSuccess
FNDA:0,handleError
FNDA:0,(anonymous_11)
FNDA:0,callSuccessCallback
DA:5,1
DA:12,1
DA:15,0
DA:19,0
DA:23,0
DA:26,0
DA:30,0
DA:31,0
DA:33,0
DA:34,0
DA:35,0
DA:36,0
DA:38,0
DA:41,0
DA:42,0
DA:44,0
DA:45,0
DA:46,0
DA:47,0
DA:53,0
DA:54,0
DA:55,0
DA:57,0
DA:58,0
DA:59,0
DA:60,0
DA:66,0
DA:67,0
DA:68,0
DA:71,0
DA:72,0
DA:73,0
DA:75,0
DA:76,0
DA:77,0
DA:78,0
DA:79,0
DA:80,0
DA:81,0
DA:84,0
DA:85,0
DA:89,0
DA:90,0
LF:43
LH:2
BRDA:30,0,0,0
BRDA:30,0,1,0
BRDA:34,1,0,0
BRDA:34,1,1,0
BRDA:45,2,0,0
BRDA:45,2,1,0
BRDA:45,3,0,0
BRDA:45,3,1,0
BRDA:46,4,0,0
BRDA:46,4,1,0
BRDA:53,5,0,0
BRDA:53,5,1,0
BRDA:53,6,0,0
BRDA:53,6,1,0
BRDA:54,7,0,0
BRDA:54,7,1,0
BRDA:58,8,0,0
BRDA:58,8,1,0
BRDA:58,9,0,0
BRDA:58,9,1,0
BRDA:59,10,0,0
BRDA:59,10,1,0
BRDA:66,11,0,0
BRDA:66,11,1,0
BRDA:66,12,0,0
BRDA:66,12,1,0
BRDA:72,13,0,0
BRDA:72,13,1,0
BRDA:75,14,0,0
BRDA:75,14,1,0
BRDA:89,15,0,0
BRDA:89,15,1,0
BRDA:89,16,0,0
BRDA:89,16,1,0
BRDA:89,16,2,0
BRF:35
BRH:0
end_of_record
TN:
SF:C:\work\Github\vue-paper-dashboard\src\vuex\store.js
FN:28,(anonymous_0)
FN:31,(anonymous_1)
FNF:2
FNH:0
FNDA:0,(anonymous_0)
FNDA:0,(anonymous_1)
DA:3,1
DA:4,1
DA:11,0
DA:14,0
DA:20,0
DA:23,0
DA:29,0
DA:32,0
DA:38,1
LF:9
LH:3
BRF:0
BRH:0
end_of_record
